<?xml version="1.0" encoding="UTF-8"?>
<!-- Generated by org.testng.reporters.JUnitXMLReporter -->
<testsuite ignored="0" hostname="DESKTOP-4CEI35H" failures="0" tests="3" name="Default test" time="0.124" errors="0" timestamp="2023-07-18T20:25:22 IST">
  <testcase classname="testNG.TestNGDataproviderPractice" name="DataProviderDemo" time="0.008"/>
  <testcase classname="testNG.TestNGDataproviderPractice" name="DataProviderDemo" time="0.003"/>
  <testcase classname="testNG.TestNGDataproviderPractice" name="DataProviderDemo" time="0.007"/>
</testsuite> <!-- Default test -->
