<?xml version="1.0" encoding="UTF-8"?>
<testng-results ignored="0" total="3" passed="3" failed="0" skipped="0">
  <reporter-output>
  </reporter-output>
  <suite started-at="2023-07-18T20:25:22 IST" name="Default suite" finished-at="2023-07-18T20:25:22 IST" duration-ms="124">
    <groups>
    </groups>
    <test started-at="2023-07-18T20:25:22 IST" name="Default test" finished-at="2023-07-18T20:25:22 IST" duration-ms="124">
      <class name="testNG.TestNGDataproviderPractice">
        <test-method signature="DataProviderDemo(java.lang.String,int)[pri:0, instance:testNG.TestNGDataproviderPractice@537f60bf]" started-at="2023-07-18T20:25:22 IST" name="DataProviderDemo" data-provider="getData" finished-at="2023-07-18T20:25:22 IST" duration-ms="8" status="PASS">
          <params>
            <param index="0">
              <value>
                <![CDATA[iphone]]>
              </value>
            </param>
            <param index="1">
              <value>
                <![CDATA[25000]]>
              </value>
            </param>
          </params>
          <reporter-output>
          </reporter-output>
        </test-method> <!-- DataProviderDemo -->
        <test-method signature="DataProviderDemo(java.lang.String,int)[pri:0, instance:testNG.TestNGDataproviderPractice@537f60bf]" started-at="2023-07-18T20:25:22 IST" name="DataProviderDemo" data-provider="getData" finished-at="2023-07-18T20:25:22 IST" duration-ms="3" status="PASS">
          <params>
            <param index="0">
              <value>
                <![CDATA[Samsung]]>
              </value>
            </param>
            <param index="1">
              <value>
                <![CDATA[20000]]>
              </value>
            </param>
          </params>
          <reporter-output>
          </reporter-output>
        </test-method> <!-- DataProviderDemo -->
        <test-method signature="DataProviderDemo(java.lang.String,int)[pri:0, instance:testNG.TestNGDataproviderPractice@537f60bf]" started-at="2023-07-18T20:25:22 IST" name="DataProviderDemo" data-provider="getData" finished-at="2023-07-18T20:25:22 IST" duration-ms="7" status="PASS">
          <params>
            <param index="0">
              <value>
                <![CDATA[Vivo]]>
              </value>
            </param>
            <param index="1">
              <value>
                <![CDATA[15000]]>
              </value>
            </param>
          </params>
          <reporter-output>
          </reporter-output>
        </test-method> <!-- DataProviderDemo -->
      </class> <!-- testNG.TestNGDataproviderPractice -->
    </test> <!-- Default test -->
  </suite> <!-- Default suite -->
</testng-results>
